<?xml version="1.0" encoding="UTF-8"?>
<!-- Generated by org.testng.reporters.JUnitXMLReporter -->
<testsuite ignored="1" hostname="Sasikumar" failures="0" tests="1" name="Default test" time="23.967" errors="0" timestamp="2025-09-10T15:40:38 IST">
  <testcase classname="org.playwright.alerts.AlertsDemo" name="testOne" time="23.764"/>
  <testcase classname="org.playwright.alerts.AlertsDemo" name="testName" time="0.0">
    <ignored/>
  </testcase> <!-- testName -->
</testsuite> <!-- Default test -->
