<?xml version="1.0" encoding="UTF-8"?>
<!-- Generated by org.testng.reporters.JUnitXMLReporter -->
<testsuite ignored="1" hostname="Sasikumar" failures="0" tests="1" name="Default test" time="18.361" errors="0" timestamp="2025-09-10T14:27:14 IST">
  <testcase classname="org.playwright.locators.Locators" name="testLocators" time="18.133"/>
  <testcase classname="org.playwright.basics.Basics" name="testOne" time="0.0">
    <ignored/>
  </testcase> <!-- testOne -->
</testsuite> <!-- Default test -->
