<?xml version="1.0" encoding="UTF-8"?>
<testng-results ignored="1" total="2" passed="1" failed="0" skipped="0">
  <reporter-output>
  </reporter-output>
  <suite started-at="2025-09-10T14:26:55 IST" name="Default suite" finished-at="2025-09-10T14:27:14 IST" duration-ms="18361">
    <groups>
    </groups>
    <test started-at="2025-09-10T14:26:55 IST" name="Default test" finished-at="2025-09-10T14:27:14 IST" duration-ms="18361">
      <class name="org.playwright.locators.Locators">
        <test-method is-config="true" signature="launch()[pri:0, instance:org.playwright.locators.Locators@407a7f2a]" started-at="2025-09-10T14:26:39 IST" name="launch" finished-at="2025-09-10T14:26:55 IST" duration-ms="16507" status="PASS">
          <reporter-output>
          </reporter-output>
        </test-method> <!-- launch -->
        <test-method signature="testLocators()[pri:0, instance:org.playwright.locators.Locators@407a7f2a]" started-at="2025-09-10T14:26:56 IST" name="testLocators" finished-at="2025-09-10T14:27:14 IST" duration-ms="18133" status="PASS">
          <reporter-output>
          </reporter-output>
        </test-method> <!-- testLocators -->
      </class> <!-- org.playwright.locators.Locators -->
    </test> <!-- Default test -->
  </suite> <!-- Default suite -->
</testng-results>
