<?xml version="1.0" encoding="UTF-8"?>
<testng-results ignored="0" total="1" passed="1" failed="0" skipped="0">
  <reporter-output>
  </reporter-output>
  <suite started-at="2025-09-10T14:06:55 IST" name="Default suite" finished-at="2025-09-10T14:06:55 IST" duration-ms="329">
    <groups>
    </groups>
    <test started-at="2025-09-10T14:06:55 IST" name="Default test" finished-at="2025-09-10T14:06:55 IST" duration-ms="329">
      <class name="org.playwright.basics.Basics">
        <test-method is-config="true" signature="launch()[pri:0, instance:org.playwright.basics.Basics@4ea5b703]" started-at="2025-09-10T14:06:21 IST" name="launch" finished-at="2025-09-10T14:06:55 IST" duration-ms="33115" status="PASS">
          <reporter-output>
          </reporter-output>
        </test-method> <!-- launch -->
        <test-method signature="testOne()[pri:0, instance:org.playwright.basics.Basics@4ea5b703]" started-at="2025-09-10T14:06:55 IST" name="testOne" finished-at="2025-09-10T14:06:55 IST" duration-ms="21" status="PASS">
          <reporter-output>
          </reporter-output>
        </test-method> <!-- testOne -->
      </class> <!-- org.playwright.basics.Basics -->
    </test> <!-- Default test -->
  </suite> <!-- Default suite -->
</testng-results>
